<?xml version="1.0" encoding="UTF-8"?>
<!-- Generated by org.testng.reporters.JUnitReportReporter -->
<testsuite hostname="CJLPE33638BN" failures="0" tests="1" name="com.tests.pack.LoginTest" time="6.942" errors="0" timestamp="2025-04-13T00:29:52 IST" skipped="0">
  <testcase classname="com.tests.pack.LoginTest" name="testLogin" time="6.942"/>
</testsuite> <!-- com.tests.pack.LoginTest -->
