<?xml version="1.0" encoding="UTF-8"?>
<!-- Generated by org.testng.reporters.JUnitReportReporter -->
<testsuite hostname="CJLPE33638BN" failures="0" tests="1" name="com.tests.pack.DifferentElements" time="11.930" errors="0" timestamp="2025-04-13T01:49:22 IST" skipped="0">
  <testcase classname="com.tests.pack.DifferentElements" name="fill_N_SubmitForm" time="11.930"/>
</testsuite> <!-- com.tests.pack.DifferentElements -->
