<?xml version="1.0" encoding="UTF-8"?>
<!-- Generated by org.testng.reporters.JUnitReportReporter -->
<testsuite hostname="CJLPE33638BN" failures="0" tests="1" name="com.tests.pack.SampleTest" time="11.500" errors="0" timestamp="2025-04-08T19:08:07 IST" skipped="0">
  <testcase classname="com.tests.pack.SampleTest" name="sampleTest" time="11.500"/>
</testsuite> <!-- com.tests.pack.SampleTest -->
